2023-09-04 19:04:25.256 +05:30  WRN  Sensitive data logging is enabled. Log entries and exception messages may include sensitive application data; this mode should only be enabled during development.
2023-09-04 19:04:27.016 +05:30  INF  Executed DbCommand (124ms) [Parameters=[], CommandType='"Text"', CommandTimeout='30']
SELECT EXISTS (SELECT 1 FROM pg_catalog.pg_class c JOIN pg_catalog.pg_namespace n ON n.oid=c.relnamespace WHERE c.relname='__EFMigrationsHistory');
2023-09-04 19:04:28.079 +05:30  INF  Executed DbCommand (139ms) [Parameters=[], CommandType='"Text"', CommandTimeout='30']
SELECT EXISTS (SELECT 1 FROM pg_catalog.pg_class c JOIN pg_catalog.pg_namespace n ON n.oid=c.relnamespace WHERE c.relname='__EFMigrationsHistory');
2023-09-04 19:04:28.238 +05:30  INF  Executed DbCommand (115ms) [Parameters=[], CommandType='"Text"', CommandTimeout='30']
SELECT migration_id, product_version
FROM "__EFMigrationsHistory"
ORDER BY migration_id;
2023-09-04 19:04:28.280 +05:30  INF  No migrations were applied. The database is already up to date.
2023-09-04 19:04:29.184 +05:30  INF  User profile is available. Using 'C:\Users\DELL\AppData\Local\ASP.NET\DataProtection-Keys' as key repository and Windows DPAPI to encrypt keys at rest.
2023-09-04 19:04:29.243 +05:30  INF  Creating key {3594462e-7274-401a-8dde-592c340441db} with creation date 2023-09-04 13:34:29Z, activation date 2023-09-04 13:34:29Z, and expiration date 2023-12-03 13:34:29Z.
2023-09-04 19:04:29.476 +05:30  INF  Writing data to file 'C:\Users\DELL\AppData\Local\ASP.NET\DataProtection-Keys\key-3594462e-7274-401a-8dde-592c340441db.xml'.
2023-09-04 19:04:30.487 +05:30  INF  Now listening on: https://localhost:7240
2023-09-04 19:04:30.487 +05:30  INF  Now listening on: http://localhost:5138
2023-09-04 19:04:30.489 +05:30  INF  Application started. Press Ctrl+C to shut down.
2023-09-04 19:04:30.490 +05:30  INF  Hosting environment: Development
2023-09-04 19:04:30.490 +05:30  INF  Content root path: C:\Users\DELL\source\repos\dhanman-sales\src\Dhanman.Purchase.Api
2023-09-04 19:07:19.422 +05:30  WRN  Sensitive data logging is enabled. Log entries and exception messages may include sensitive application data; this mode should only be enabled during development.
2023-09-04 19:07:21.095 +05:30  INF  Executed DbCommand (127ms) [Parameters=[], CommandType='"Text"', CommandTimeout='30']
SELECT EXISTS (SELECT 1 FROM pg_catalog.pg_class c JOIN pg_catalog.pg_namespace n ON n.oid=c.relnamespace WHERE c.relname='__EFMigrationsHistory');
2023-09-04 19:07:22.027 +05:30  INF  Executed DbCommand (120ms) [Parameters=[], CommandType='"Text"', CommandTimeout='30']
SELECT EXISTS (SELECT 1 FROM pg_catalog.pg_class c JOIN pg_catalog.pg_namespace n ON n.oid=c.relnamespace WHERE c.relname='__EFMigrationsHistory');
2023-09-04 19:07:22.178 +05:30  INF  Executed DbCommand (132ms) [Parameters=[], CommandType='"Text"', CommandTimeout='30']
SELECT migration_id, product_version
FROM "__EFMigrationsHistory"
ORDER BY migration_id;
2023-09-04 19:07:22.216 +05:30  INF  No migrations were applied. The database is already up to date.
2023-09-04 19:07:22.772 +05:30  INF  User profile is available. Using 'C:\Users\DELL\AppData\Local\ASP.NET\DataProtection-Keys' as key repository and Windows DPAPI to encrypt keys at rest.
2023-09-04 19:07:24.098 +05:30  INF  Now listening on: https://localhost:7240
2023-09-04 19:07:24.098 +05:30  INF  Now listening on: http://localhost:5138
2023-09-04 19:07:24.108 +05:30  INF  Application started. Press Ctrl+C to shut down.
2023-09-04 19:07:24.109 +05:30  INF  Hosting environment: Development
2023-09-04 19:07:24.109 +05:30  INF  Content root path: C:\Users\DELL\source\repos\dhanman-sales\src\Dhanman.Purchase.Api
2023-09-04 19:07:34.028 +05:30 d434b6cb-1346-43bf-834a-83d47ac55495 INF  Request starting HTTP/2 GET https://localhost:7240/swagger - -
2023-09-04 19:07:39.490 +05:30 d434b6cb-1346-43bf-834a-83d47ac55495 INF  Request finished HTTP/2 GET https://localhost:7240/swagger - - - 301 0 - 5123.6871ms
2023-09-04 19:07:39.499 +05:30 a7db4650-2a15-473c-a4a3-57be29b8f0f8 INF  Request starting HTTP/2 GET https://localhost:7240/swagger/index.html - -
2023-09-04 19:07:44.982 +05:30 a7db4650-2a15-473c-a4a3-57be29b8f0f8 INF  Request finished HTTP/2 GET https://localhost:7240/swagger/index.html - - - 200 - text/html;charset=utf-8 5482.8449ms
2023-09-04 19:07:44.995 +05:30 5f689429-b483-4a22-8175-027be96c703a INF  Request starting HTTP/2 GET https://localhost:7240/swagger/swagger-ui.css - -
2023-09-04 19:07:44.998 +05:30 1aa93215-ade1-4ddc-96c2-f5983d06835d INF  Request starting HTTP/2 GET https://localhost:7240/swagger/swagger-ui-bundle.js - -
2023-09-04 19:07:45.001 +05:30 24155404-dea7-4153-879d-5f129ec719c9 INF  Request starting HTTP/2 GET https://localhost:7240/swagger/swagger-ui-standalone-preset.js - -
2023-09-04 19:07:45.206 +05:30 5f689429-b483-4a22-8175-027be96c703a INF  Sending file. Request path: '/swagger-ui.css'. Physical path: 'N/A'
2023-09-04 19:07:45.206 +05:30 24155404-dea7-4153-879d-5f129ec719c9 INF  Sending file. Request path: '/swagger-ui-standalone-preset.js'. Physical path: 'N/A'
2023-09-04 19:07:45.206 +05:30 5f689429-b483-4a22-8175-027be96c703a INF  Request finished HTTP/2 GET https://localhost:7240/swagger/swagger-ui.css - - - 200 144929 text/css 211.4979ms
2023-09-04 19:07:45.206 +05:30 24155404-dea7-4153-879d-5f129ec719c9 INF  Request finished HTTP/2 GET https://localhost:7240/swagger/swagger-ui-standalone-preset.js - - - 200 312163 text/javascript 205.6610ms
2023-09-04 19:07:45.240 +05:30 1aa93215-ade1-4ddc-96c2-f5983d06835d INF  Sending file. Request path: '/swagger-ui-bundle.js'. Physical path: 'N/A'
2023-09-04 19:07:45.240 +05:30 1aa93215-ade1-4ddc-96c2-f5983d06835d INF  Request finished HTTP/2 GET https://localhost:7240/swagger/swagger-ui-bundle.js - - - 200 1061536 text/javascript 242.6818ms
2023-09-04 19:07:45.255 +05:30 106b489a-6da1-464f-98f1-9445f2a6b679 INF  Request starting HTTP/2 GET https://localhost:7240/_framework/aspnetcore-browser-refresh.js - -
2023-09-04 19:07:45.265 +05:30 106b489a-6da1-464f-98f1-9445f2a6b679 INF  Request finished HTTP/2 GET https://localhost:7240/_framework/aspnetcore-browser-refresh.js - - - 200 12366 application/javascript;+charset=utf-8 10.2895ms
2023-09-04 19:07:45.305 +05:30 33111a89-c696-43f7-9e33-5542753e446a INF  Request starting HTTP/2 GET https://localhost:7240/_vs/browserLink - -
2023-09-04 19:07:45.569 +05:30 33111a89-c696-43f7-9e33-5542753e446a INF  Request finished HTTP/2 GET https://localhost:7240/_vs/browserLink - - - 200 - text/javascript;+charset=UTF-8 265.0132ms
2023-09-04 19:07:46.947 +05:30 46971c11-23eb-4b94-b941-4a49cb0258a2 INF  Request starting HTTP/2 GET https://localhost:7240/swagger/v1/swagger.json - -
2023-09-04 19:07:52.253 +05:30 46971c11-23eb-4b94-b941-4a49cb0258a2 INF  Request finished HTTP/2 GET https://localhost:7240/swagger/v1/swagger.json - - - 200 - application/json;charset=utf-8 5305.7729ms
2023-09-04 19:07:54.205 +05:30 8f0297a4-4233-46d1-8dc2-6683fd10cce2 INF  Request starting HTTP/2 GET https://localhost:7240/swagger/favicon-32x32.png - -
2023-09-04 19:07:54.206 +05:30 8f0297a4-4233-46d1-8dc2-6683fd10cce2 INF  Sending file. Request path: '/favicon-32x32.png'. Physical path: 'N/A'
2023-09-04 19:07:54.206 +05:30 8f0297a4-4233-46d1-8dc2-6683fd10cce2 INF  Request finished HTTP/2 GET https://localhost:7240/swagger/favicon-32x32.png - - - 200 628 image/png 1.6513ms
2023-09-04 19:11:26.701 +05:30 ad74d161-a7a6-4778-acb2-9f430b6655e1 INF  Request starting HTTP/2 GET https://localhost:7240/api/v1/GetAllcustomers?clientId=049dc4fe-aa23-4481-ac0f-11c3ecdd6579 - -
2023-09-04 19:11:26.777 +05:30 ad74d161-a7a6-4778-acb2-9f430b6655e1 INF  Executing endpoint 'Dhanman.MyHome.Api.Controllers.CustomersController.GetAllCustomers (Dhanman.MyHome.Api)'
2023-09-04 19:11:26.826 +05:30 ad74d161-a7a6-4778-acb2-9f430b6655e1 INF  Route matched with {action = "GetAllCustomers", controller = "Customers"}. Executing controller action with signature System.Threading.Tasks.Task`1[Microsoft.AspNetCore.Mvc.IActionResult] GetAllCustomers(System.Guid) on controller Dhanman.MyHome.Api.Controllers.CustomersController (Dhanman.MyHome.Api).
2023-09-04 19:11:27.713 +05:30 ad74d161-a7a6-4778-acb2-9f430b6655e1 INF  Executed DbCommand (150ms) [Parameters=[@__request_ClientId_0='049dc4fe-aa23-4481-ac0f-11c3ecdd6579'], CommandType='"Text"', CommandTimeout='30']
SELECT c.id, c.first_name, c.last_name, c.email, c.created_on_utc
FROM customers AS c
WHERE NOT (c.is_deleted) AND c.client_id = @__request_ClientId_0
2023-09-04 19:11:27.744 +05:30 ad74d161-a7a6-4778-acb2-9f430b6655e1 INF  Executing OkObjectResult, writing value of type 'Dhanman.MyHome.Application.Contracts.Customers.CustomerListResponse'.
2023-09-04 19:11:27.775 +05:30 ad74d161-a7a6-4778-acb2-9f430b6655e1 INF  Executed action Dhanman.MyHome.Api.Controllers.CustomersController.GetAllCustomers (Dhanman.MyHome.Api) in 941.5279ms
2023-09-04 19:11:27.776 +05:30 ad74d161-a7a6-4778-acb2-9f430b6655e1 INF  Executed endpoint 'Dhanman.MyHome.Api.Controllers.CustomersController.GetAllCustomers (Dhanman.MyHome.Api)'
2023-09-04 19:11:27.798 +05:30 ad74d161-a7a6-4778-acb2-9f430b6655e1 INF  Request finished HTTP/2 GET https://localhost:7240/api/v1/GetAllcustomers?clientId=049dc4fe-aa23-4481-ac0f-11c3ecdd6579 - - - 200 - application/json;+charset=utf-8 1097.4304ms
2023-09-04 19:12:53.251 +05:30 5dba04ff-186c-4d91-84c5-5828f0d3e790 INF  Request starting HTTP/2 GET https://localhost:7240/api/v1/GetAllcustomers?clientId=3fa85f64-5717-4562-b3fc-2c963f66afa6 - -
2023-09-04 19:12:53.266 +05:30 5dba04ff-186c-4d91-84c5-5828f0d3e790 INF  Executing endpoint 'Dhanman.MyHome.Api.Controllers.CustomersController.GetAllCustomers (Dhanman.MyHome.Api)'
2023-09-04 19:12:53.267 +05:30 5dba04ff-186c-4d91-84c5-5828f0d3e790 INF  Route matched with {action = "GetAllCustomers", controller = "Customers"}. Executing controller action with signature System.Threading.Tasks.Task`1[Microsoft.AspNetCore.Mvc.IActionResult] GetAllCustomers(System.Guid) on controller Dhanman.MyHome.Api.Controllers.CustomersController (Dhanman.MyHome.Api).
2023-09-04 19:12:54.563 +05:30 5dba04ff-186c-4d91-84c5-5828f0d3e790 INF  Executed DbCommand (150ms) [Parameters=[@__request_ClientId_0='3fa85f64-5717-4562-b3fc-2c963f66afa6'], CommandType='"Text"', CommandTimeout='30']
SELECT c.id, c.first_name, c.last_name, c.email, c.created_on_utc
FROM customers AS c
WHERE NOT (c.is_deleted) AND c.client_id = @__request_ClientId_0
2023-09-04 19:12:54.701 +05:30 5dba04ff-186c-4d91-84c5-5828f0d3e790 INF  Executing OkObjectResult, writing value of type 'Dhanman.MyHome.Application.Contracts.Customers.CustomerListResponse'.
2023-09-04 19:12:54.712 +05:30 5dba04ff-186c-4d91-84c5-5828f0d3e790 INF  Executed action Dhanman.MyHome.Api.Controllers.CustomersController.GetAllCustomers (Dhanman.MyHome.Api) in 1445.4857ms
2023-09-04 19:12:54.713 +05:30 5dba04ff-186c-4d91-84c5-5828f0d3e790 INF  Executed endpoint 'Dhanman.MyHome.Api.Controllers.CustomersController.GetAllCustomers (Dhanman.MyHome.Api)'
2023-09-04 19:12:54.713 +05:30 5dba04ff-186c-4d91-84c5-5828f0d3e790 INF  Request finished HTTP/2 GET https://localhost:7240/api/v1/GetAllcustomers?clientId=3fa85f64-5717-4562-b3fc-2c963f66afa6 - - - 200 - application/json;+charset=utf-8 1462.0188ms
